writeCommonTags: couldn't write 'track' tag to 'Pure Heroine (Extended)/01. Lorde - Tennis Court.m4a' as it's not a positive integer
writeCommonTags: couldn't write 'track' tag to 'Pure Heroine (Extended)/02. Lorde - 400 Lux.m4a' as it's not a positive integer
writeCommonTags: couldn't write 'track' tag to 'Pure Heroine (Extended)/03. Lorde - Royals.m4a' as it's not a positive integer
writeCommonTags: couldn't write 'track' tag to 'Pure Heroine (Extended)/04. Lorde - Ribs.m4a' as it's not a positive integer
writeCommonTags: couldn't write 'track' tag to 'Pure Heroine (Extended)/05. Lorde - Buzzcut Season.m4a' as it's not a positive integer
writeCommonTags: couldn't write 'track' tag to 'Pure Heroine (Extended)/06. Lorde - Team.m4a' as it's not a positive integer
writeCommonTags: couldn't write 'track' tag to 'Pure Heroine (Extended)/07. Lorde - Glory and Gore.m4a' as it's not a positive integer
writeCommonTags: couldn't write 'track' tag to 'Pure Heroine (Extended)/08. Lorde - Still Sane.m4a' as it's not a positive integer
writeCommonTags: couldn't write 'track' tag to 'Pure Heroine (Extended)/09. Lorde - White Teeth Teens.m4a' as it's not a positive integer
writeCommonTags: couldn't write 'track' tag to 'Pure Heroine (Extended)/10. Lorde - A World Alone.m4a' as it's not a positive integer
writeCommonTags: couldn't write 'track' tag to 'Pure Heroine (Extended)/11. Lorde - No Better.m4a' as it's not a positive integer
writeCommonTags: couldn't write 'track' tag to 'Pure Heroine (Extended)/12. Lorde - Bravado.m4a' as it's not a positive integer
writeCommonTags: couldn't write 'track' tag to 'Pure Heroine (Extended)/13. Lorde - Million Dollar Bills.m4a' as it's not a positive integer
writeCommonTags: couldn't write 'track' tag to 'Pure Heroine (Extended)/14. Lorde - The Love Club.m4a' as it's not a positive integer
writeCommonTags: couldn't write 'track' tag to 'Pure Heroine (Extended)/15. Lorde - Biting Down.m4a' as it's not a positive integer
writeCommonTags: couldn't write 'track' tag to 'Pure Heroine (Extended)/16. Lorde - Swingin Party.m4a' as it's not a positive integer
writeCommonTags: couldn't write 'track' tag to 'Lil Uzi Vert/Luv Is Rage 2 (2017)/16 XO TOUR Llif3.m4a' as it's not a positive integer
writeCommonTags: couldn't write 'track' tag to 'Lil Uzi Vert/Luv Is Rage 2 (2017)/01 Two®.m4a' as it's not a positive integer
writeCommonTags: couldn't write 'track' tag to 'Lil Uzi Vert/Luv Is Rage 2 (2017)/01 Two®.m4a' as it's not a positive integer
writeCommonTags: couldn't write 'track' tag to 'Lil Uzi Vert/Luv Is Rage 2 (2017)/02 444+222.m4a' as it's not a positive integer
writeCommonTags: couldn't write 'track' tag to 'Lil Uzi Vert/Luv Is Rage 2 (2017)/03 Sauce It Up.m4a' as it's not a positive integer
writeCommonTags: couldn't write 'track' tag to 'Lil Uzi Vert/Luv Is Rage 2 (2017)/04 No Sleep Leak.m4a' as it's not a positive integer
writeCommonTags: couldn't write 'track' tag to 'Lil Uzi Vert/Luv Is Rage 2 (2017)/05 The Way Life Goes.m4a' as it's not a positive integer
writeCommonTags: couldn't write 'track' tag to 'Lil Uzi Vert/Luv Is Rage 2 (2017)/06 For Real.m4a' as it's not a positive integer
writeCommonTags: couldn't write 'track' tag to 'Lil Uzi Vert/Luv Is Rage 2 (2017)/07 Feelings Mutual.m4a' as it's not a positive integer
writeCommonTags: couldn't write 'track' tag to 'Lil Uzi Vert/Luv Is Rage 2 (2017)/08 Neon Guts (feat. Pharrell William.m4a' as it's not a positive integer
writeCommonTags: couldn't write 'track' tag to 'Lil Uzi Vert/Luv Is Rage 2 (2017)/09 Early 20 Rager.m4a' as it's not a positive integer
writeCommonTags: couldn't write 'track' tag to 'Lil Uzi Vert/Luv Is Rage 2 (2017)/10 UnFazed (feat. The Weeknd).m4a' as it's not a positive integer
writeCommonTags: couldn't write 'track' tag to 'Lil Uzi Vert/Luv Is Rage 2 (2017)/11 Pretty Mami.m4a' as it's not a positive integer
writeCommonTags: couldn't write 'track' tag to 'Lil Uzi Vert/Luv Is Rage 2 (2017)/12 How to Talk.m4a' as it's not a positive integer
writeCommonTags: couldn't write 'track' tag to 'Lil Uzi Vert/Luv Is Rage 2 (2017)/13 X.m4a' as it's not a positive integer
writeCommonTags: couldn't write 'track' tag to 'Lil Uzi Vert/Luv Is Rage 2 (2017)/14 Malfunction.m4a' as it's not a positive integer
writeCommonTags: couldn't write 'track' tag to 'Lil Uzi Vert/Luv Is Rage 2 (2017)/15 Dark Queen.m4a' as it's not a positive integer
writeCommonTags: couldn't write 'track' tag to 'Lil Uzi Vert/Luv Is Rage 2 (2017)/16 XO TOUR Llif3.m4a' as it's not a positive integer
